[2023-06-30T16:30:26.068] [ERROR] error - TypeError: jwt.verity is not a function
    at Object.decoded (C:\Users\zhengyan\Desktop\a\manager-server\utils\util.js:51:24)
    at C:\Users\zhengyan\Desktop\a\manager-server\routes\leaves.js:13:23
    at dispatch (C:\Users\zhengyan\Desktop\a\manager-server\node_modules\koa-router\node_modules\koa-compose\index.js:44:32)
    at next (C:\Users\zhengyan\Desktop\a\manager-server\node_modules\koa-router\node_modules\koa-compose\index.js:45:18)
    at C:\Users\zhengyan\Desktop\a\manager-server\node_modules\koa-router\lib\router.js:346:16
    at dispatch (C:\Users\zhengyan\Desktop\a\manager-server\node_modules\koa-router\node_modules\koa-compose\index.js:44:32)
    at next (C:\Users\zhengyan\Desktop\a\manager-server\node_modules\koa-router\node_modules\koa-compose\index.js:45:18)
    at allowedMethods (C:\Users\zhengyan\Desktop\a\manager-server\node_modules\koa-router\lib\router.js:407:12)
    at dispatch (C:\Users\zhengyan\Desktop\a\manager-server\node_modules\koa-router\node_modules\koa-compose\index.js:44:32)
    at next (C:\Users\zhengyan\Desktop\a\manager-server\node_modules\koa-router\node_modules\koa-compose\index.js:45:18)
    at C:\Users\zhengyan\Desktop\a\manager-server\node_modules\koa-router\lib\router.js:346:16
    at dispatch (C:\Users\zhengyan\Desktop\a\manager-server\node_modules\koa-router\node_modules\koa-compose\index.js:44:32)
    at next (C:\Users\zhengyan\Desktop\a\manager-server\node_modules\koa-router\node_modules\koa-compose\index.js:45:18)
    at allowedMethods (C:\Users\zhengyan\Desktop\a\manager-server\node_modules\koa-router\lib\router.js:407:12)
    at dispatch (C:\Users\zhengyan\Desktop\a\manager-server\node_modules\koa-router\node_modules\koa-compose\index.js:44:32)
    at next (C:\Users\zhengyan\Desktop\a\manager-server\node_modules\koa-router\node_modules\koa-compose\index.js:45:18)
[2023-06-30T16:30:27.783] [ERROR] error - TypeError: jwt.verity is not a function
    at Object.decoded (C:\Users\zhengyan\Desktop\a\manager-server\utils\util.js:51:24)
    at C:\Users\zhengyan\Desktop\a\manager-server\routes\leaves.js:13:23
    at dispatch (C:\Users\zhengyan\Desktop\a\manager-server\node_modules\koa-router\node_modules\koa-compose\index.js:44:32)
    at next (C:\Users\zhengyan\Desktop\a\manager-server\node_modules\koa-router\node_modules\koa-compose\index.js:45:18)
    at C:\Users\zhengyan\Desktop\a\manager-server\node_modules\koa-router\lib\router.js:346:16
    at dispatch (C:\Users\zhengyan\Desktop\a\manager-server\node_modules\koa-router\node_modules\koa-compose\index.js:44:32)
    at next (C:\Users\zhengyan\Desktop\a\manager-server\node_modules\koa-router\node_modules\koa-compose\index.js:45:18)
    at allowedMethods (C:\Users\zhengyan\Desktop\a\manager-server\node_modules\koa-router\lib\router.js:407:12)
    at dispatch (C:\Users\zhengyan\Desktop\a\manager-server\node_modules\koa-router\node_modules\koa-compose\index.js:44:32)
    at next (C:\Users\zhengyan\Desktop\a\manager-server\node_modules\koa-router\node_modules\koa-compose\index.js:45:18)
    at C:\Users\zhengyan\Desktop\a\manager-server\node_modules\koa-router\lib\router.js:346:16
    at dispatch (C:\Users\zhengyan\Desktop\a\manager-server\node_modules\koa-router\node_modules\koa-compose\index.js:44:32)
    at next (C:\Users\zhengyan\Desktop\a\manager-server\node_modules\koa-router\node_modules\koa-compose\index.js:45:18)
    at allowedMethods (C:\Users\zhengyan\Desktop\a\manager-server\node_modules\koa-router\lib\router.js:407:12)
    at dispatch (C:\Users\zhengyan\Desktop\a\manager-server\node_modules\koa-router\node_modules\koa-compose\index.js:44:32)
    at next (C:\Users\zhengyan\Desktop\a\manager-server\node_modules\koa-router\node_modules\koa-compose\index.js:45:18)
[2023-06-30T16:34:09.964] [ERROR] error - TypeError: jwt.verity is not a function
    at Object.decoded (C:\Users\zhengyan\Desktop\a\manager-server\utils\util.js:51:24)
    at C:\Users\zhengyan\Desktop\a\manager-server\routes\leaves.js:13:23
    at dispatch (C:\Users\zhengyan\Desktop\a\manager-server\node_modules\koa-router\node_modules\koa-compose\index.js:44:32)
    at next (C:\Users\zhengyan\Desktop\a\manager-server\node_modules\koa-router\node_modules\koa-compose\index.js:45:18)
    at C:\Users\zhengyan\Desktop\a\manager-server\node_modules\koa-router\lib\router.js:346:16
    at dispatch (C:\Users\zhengyan\Desktop\a\manager-server\node_modules\koa-router\node_modules\koa-compose\index.js:44:32)
    at next (C:\Users\zhengyan\Desktop\a\manager-server\node_modules\koa-router\node_modules\koa-compose\index.js:45:18)
    at allowedMethods (C:\Users\zhengyan\Desktop\a\manager-server\node_modules\koa-router\lib\router.js:407:12)
    at dispatch (C:\Users\zhengyan\Desktop\a\manager-server\node_modules\koa-router\node_modules\koa-compose\index.js:44:32)
    at next (C:\Users\zhengyan\Desktop\a\manager-server\node_modules\koa-router\node_modules\koa-compose\index.js:45:18)
    at C:\Users\zhengyan\Desktop\a\manager-server\node_modules\koa-router\lib\router.js:346:16
    at dispatch (C:\Users\zhengyan\Desktop\a\manager-server\node_modules\koa-router\node_modules\koa-compose\index.js:44:32)
    at next (C:\Users\zhengyan\Desktop\a\manager-server\node_modules\koa-router\node_modules\koa-compose\index.js:45:18)
    at allowedMethods (C:\Users\zhengyan\Desktop\a\manager-server\node_modules\koa-router\lib\router.js:407:12)
    at dispatch (C:\Users\zhengyan\Desktop\a\manager-server\node_modules\koa-router\node_modules\koa-compose\index.js:44:32)
    at next (C:\Users\zhengyan\Desktop\a\manager-server\node_modules\koa-router\node_modules\koa-compose\index.js:45:18)
[2023-06-30T16:34:12.783] [ERROR] error - TypeError: jwt.verity is not a function
    at Object.decoded (C:\Users\zhengyan\Desktop\a\manager-server\utils\util.js:51:24)
    at C:\Users\zhengyan\Desktop\a\manager-server\routes\leaves.js:13:23
    at dispatch (C:\Users\zhengyan\Desktop\a\manager-server\node_modules\koa-router\node_modules\koa-compose\index.js:44:32)
    at next (C:\Users\zhengyan\Desktop\a\manager-server\node_modules\koa-router\node_modules\koa-compose\index.js:45:18)
    at C:\Users\zhengyan\Desktop\a\manager-server\node_modules\koa-router\lib\router.js:346:16
    at dispatch (C:\Users\zhengyan\Desktop\a\manager-server\node_modules\koa-router\node_modules\koa-compose\index.js:44:32)
    at next (C:\Users\zhengyan\Desktop\a\manager-server\node_modules\koa-router\node_modules\koa-compose\index.js:45:18)
    at allowedMethods (C:\Users\zhengyan\Desktop\a\manager-server\node_modules\koa-router\lib\router.js:407:12)
    at dispatch (C:\Users\zhengyan\Desktop\a\manager-server\node_modules\koa-router\node_modules\koa-compose\index.js:44:32)
    at next (C:\Users\zhengyan\Desktop\a\manager-server\node_modules\koa-router\node_modules\koa-compose\index.js:45:18)
    at C:\Users\zhengyan\Desktop\a\manager-server\node_modules\koa-router\lib\router.js:346:16
    at dispatch (C:\Users\zhengyan\Desktop\a\manager-server\node_modules\koa-router\node_modules\koa-compose\index.js:44:32)
    at next (C:\Users\zhengyan\Desktop\a\manager-server\node_modules\koa-router\node_modules\koa-compose\index.js:45:18)
    at allowedMethods (C:\Users\zhengyan\Desktop\a\manager-server\node_modules\koa-router\lib\router.js:407:12)
    at dispatch (C:\Users\zhengyan\Desktop\a\manager-server\node_modules\koa-router\node_modules\koa-compose\index.js:44:32)
    at next (C:\Users\zhengyan\Desktop\a\manager-server\node_modules\koa-router\node_modules\koa-compose\index.js:45:18)
[2023-06-30T16:35:30.554] [ERROR] error - ReferenceError: userIds is not defined
    at C:\Users\zhengyan\Desktop\a\manager-server\routes\users.js:73:52
    at dispatch (C:\Users\zhengyan\Desktop\a\manager-server\node_modules\koa-router\node_modules\koa-compose\index.js:44:32)
    at next (C:\Users\zhengyan\Desktop\a\manager-server\node_modules\koa-router\node_modules\koa-compose\index.js:45:18)
    at C:\Users\zhengyan\Desktop\a\manager-server\node_modules\koa-router\lib\router.js:346:16
    at dispatch (C:\Users\zhengyan\Desktop\a\manager-server\node_modules\koa-router\node_modules\koa-compose\index.js:44:32)
    at C:\Users\zhengyan\Desktop\a\manager-server\node_modules\koa-router\node_modules\koa-compose\index.js:36:12
    at dispatch (C:\Users\zhengyan\Desktop\a\manager-server\node_modules\koa-router\lib\router.js:351:31)
    at dispatch (C:\Users\zhengyan\Desktop\a\manager-server\node_modules\koa-compose\index.js:42:32)
    at jwt (C:\Users\zhengyan\Desktop\a\manager-server\node_modules\koa-jwt\lib\index.js:73:16)
    at processTicksAndRejections (node:internal/process/task_queues:96:5)
    at async C:\Users\zhengyan\Desktop\a\manager-server\app.js:44:3
    at async serve (C:\Users\zhengyan\Desktop\a\manager-server\node_modules\koa-static\index.js:53:9)
    at async bodyParser (C:\Users\zhengyan\Desktop\a\manager-server\node_modules\koa-bodyparser\index.js:78:5)
[2023-06-30T16:35:34.256] [ERROR] error - ReferenceError: userIds is not defined
    at C:\Users\zhengyan\Desktop\a\manager-server\routes\users.js:73:52
    at dispatch (C:\Users\zhengyan\Desktop\a\manager-server\node_modules\koa-router\node_modules\koa-compose\index.js:44:32)
    at next (C:\Users\zhengyan\Desktop\a\manager-server\node_modules\koa-router\node_modules\koa-compose\index.js:45:18)
    at C:\Users\zhengyan\Desktop\a\manager-server\node_modules\koa-router\lib\router.js:346:16
    at dispatch (C:\Users\zhengyan\Desktop\a\manager-server\node_modules\koa-router\node_modules\koa-compose\index.js:44:32)
    at C:\Users\zhengyan\Desktop\a\manager-server\node_modules\koa-router\node_modules\koa-compose\index.js:36:12
    at dispatch (C:\Users\zhengyan\Desktop\a\manager-server\node_modules\koa-router\lib\router.js:351:31)
    at dispatch (C:\Users\zhengyan\Desktop\a\manager-server\node_modules\koa-compose\index.js:42:32)
    at jwt (C:\Users\zhengyan\Desktop\a\manager-server\node_modules\koa-jwt\lib\index.js:73:16)
    at processTicksAndRejections (node:internal/process/task_queues:96:5)
    at async C:\Users\zhengyan\Desktop\a\manager-server\app.js:44:3
    at async serve (C:\Users\zhengyan\Desktop\a\manager-server\node_modules\koa-static\index.js:53:9)
    at async bodyParser (C:\Users\zhengyan\Desktop\a\manager-server\node_modules\koa-bodyparser\index.js:78:5)
[2023-06-30T16:35:47.148] [ERROR] error - ReferenceError: userIds is not defined
    at C:\Users\zhengyan\Desktop\a\manager-server\routes\users.js:73:52
    at dispatch (C:\Users\zhengyan\Desktop\a\manager-server\node_modules\koa-router\node_modules\koa-compose\index.js:44:32)
    at next (C:\Users\zhengyan\Desktop\a\manager-server\node_modules\koa-router\node_modules\koa-compose\index.js:45:18)
    at C:\Users\zhengyan\Desktop\a\manager-server\node_modules\koa-router\lib\router.js:346:16
    at dispatch (C:\Users\zhengyan\Desktop\a\manager-server\node_modules\koa-router\node_modules\koa-compose\index.js:44:32)
    at C:\Users\zhengyan\Desktop\a\manager-server\node_modules\koa-router\node_modules\koa-compose\index.js:36:12
    at dispatch (C:\Users\zhengyan\Desktop\a\manager-server\node_modules\koa-router\lib\router.js:351:31)
    at dispatch (C:\Users\zhengyan\Desktop\a\manager-server\node_modules\koa-compose\index.js:42:32)
    at jwt (C:\Users\zhengyan\Desktop\a\manager-server\node_modules\koa-jwt\lib\index.js:73:16)
    at processTicksAndRejections (node:internal/process/task_queues:96:5)
    at async C:\Users\zhengyan\Desktop\a\manager-server\app.js:44:3
    at async serve (C:\Users\zhengyan\Desktop\a\manager-server\node_modules\koa-static\index.js:53:9)
    at async bodyParser (C:\Users\zhengyan\Desktop\a\manager-server\node_modules\koa-bodyparser\index.js:78:5)
[2023-06-30T16:36:16.640] [ERROR] error - ReferenceError: userIds is not defined
    at C:\Users\zhengyan\Desktop\a\manager-server\routes\users.js:73:52
    at dispatch (C:\Users\zhengyan\Desktop\a\manager-server\node_modules\koa-router\node_modules\koa-compose\index.js:44:32)
    at next (C:\Users\zhengyan\Desktop\a\manager-server\node_modules\koa-router\node_modules\koa-compose\index.js:45:18)
    at C:\Users\zhengyan\Desktop\a\manager-server\node_modules\koa-router\lib\router.js:346:16
    at dispatch (C:\Users\zhengyan\Desktop\a\manager-server\node_modules\koa-router\node_modules\koa-compose\index.js:44:32)
    at C:\Users\zhengyan\Desktop\a\manager-server\node_modules\koa-router\node_modules\koa-compose\index.js:36:12
    at dispatch (C:\Users\zhengyan\Desktop\a\manager-server\node_modules\koa-router\lib\router.js:351:31)
    at dispatch (C:\Users\zhengyan\Desktop\a\manager-server\node_modules\koa-compose\index.js:42:32)
    at jwt (C:\Users\zhengyan\Desktop\a\manager-server\node_modules\koa-jwt\lib\index.js:73:16)
    at processTicksAndRejections (node:internal/process/task_queues:96:5)
    at async C:\Users\zhengyan\Desktop\a\manager-server\app.js:44:3
    at async serve (C:\Users\zhengyan\Desktop\a\manager-server\node_modules\koa-static\index.js:53:9)
    at async bodyParser (C:\Users\zhengyan\Desktop\a\manager-server\node_modules\koa-bodyparser\index.js:78:5)
[2023-06-30T16:38:48.977] [ERROR] error - TypeError: jwt.verity is not a function
    at Object.decoded (C:\Users\zhengyan\Desktop\a\manager-server\utils\util.js:51:24)
    at C:\Users\zhengyan\Desktop\a\manager-server\routes\leaves.js:13:23
    at dispatch (C:\Users\zhengyan\Desktop\a\manager-server\node_modules\koa-router\node_modules\koa-compose\index.js:44:32)
    at next (C:\Users\zhengyan\Desktop\a\manager-server\node_modules\koa-router\node_modules\koa-compose\index.js:45:18)
    at C:\Users\zhengyan\Desktop\a\manager-server\node_modules\koa-router\lib\router.js:346:16
    at dispatch (C:\Users\zhengyan\Desktop\a\manager-server\node_modules\koa-router\node_modules\koa-compose\index.js:44:32)
    at next (C:\Users\zhengyan\Desktop\a\manager-server\node_modules\koa-router\node_modules\koa-compose\index.js:45:18)
    at allowedMethods (C:\Users\zhengyan\Desktop\a\manager-server\node_modules\koa-router\lib\router.js:407:12)
    at dispatch (C:\Users\zhengyan\Desktop\a\manager-server\node_modules\koa-router\node_modules\koa-compose\index.js:44:32)
    at next (C:\Users\zhengyan\Desktop\a\manager-server\node_modules\koa-router\node_modules\koa-compose\index.js:45:18)
    at C:\Users\zhengyan\Desktop\a\manager-server\node_modules\koa-router\lib\router.js:346:16
    at dispatch (C:\Users\zhengyan\Desktop\a\manager-server\node_modules\koa-router\node_modules\koa-compose\index.js:44:32)
    at next (C:\Users\zhengyan\Desktop\a\manager-server\node_modules\koa-router\node_modules\koa-compose\index.js:45:18)
    at allowedMethods (C:\Users\zhengyan\Desktop\a\manager-server\node_modules\koa-router\lib\router.js:407:12)
    at dispatch (C:\Users\zhengyan\Desktop\a\manager-server\node_modules\koa-router\node_modules\koa-compose\index.js:44:32)
    at next (C:\Users\zhengyan\Desktop\a\manager-server\node_modules\koa-router\node_modules\koa-compose\index.js:45:18)
[2023-06-30T16:45:59.850] [ERROR] error - TypeError: jwt.verity is not a function
    at Object.decoded (C:\Users\zhengyan\Desktop\a\manager-server\utils\util.js:51:24)
    at C:\Users\zhengyan\Desktop\a\manager-server\routes\users.js:143:23
    at dispatch (C:\Users\zhengyan\Desktop\a\manager-server\node_modules\koa-router\node_modules\koa-compose\index.js:44:32)
    at next (C:\Users\zhengyan\Desktop\a\manager-server\node_modules\koa-router\node_modules\koa-compose\index.js:45:18)
    at C:\Users\zhengyan\Desktop\a\manager-server\node_modules\koa-router\lib\router.js:346:16
    at dispatch (C:\Users\zhengyan\Desktop\a\manager-server\node_modules\koa-router\node_modules\koa-compose\index.js:44:32)
    at C:\Users\zhengyan\Desktop\a\manager-server\node_modules\koa-router\node_modules\koa-compose\index.js:36:12
    at dispatch (C:\Users\zhengyan\Desktop\a\manager-server\node_modules\koa-router\lib\router.js:351:31)
    at dispatch (C:\Users\zhengyan\Desktop\a\manager-server\node_modules\koa-compose\index.js:42:32)
    at jwt (C:\Users\zhengyan\Desktop\a\manager-server\node_modules\koa-jwt\lib\index.js:73:16)
    at async C:\Users\zhengyan\Desktop\a\manager-server\app.js:44:3
    at async serve (C:\Users\zhengyan\Desktop\a\manager-server\node_modules\koa-static\index.js:53:9)
    at async bodyParser (C:\Users\zhengyan\Desktop\a\manager-server\node_modules\koa-bodyparser\index.js:78:5)
[2023-06-30T16:46:00.855] [ERROR] error - TypeError: jwt.verity is not a function
    at Object.decoded (C:\Users\zhengyan\Desktop\a\manager-server\utils\util.js:51:24)
    at C:\Users\zhengyan\Desktop\a\manager-server\routes\users.js:143:23
    at dispatch (C:\Users\zhengyan\Desktop\a\manager-server\node_modules\koa-router\node_modules\koa-compose\index.js:44:32)
    at next (C:\Users\zhengyan\Desktop\a\manager-server\node_modules\koa-router\node_modules\koa-compose\index.js:45:18)
    at C:\Users\zhengyan\Desktop\a\manager-server\node_modules\koa-router\lib\router.js:346:16
    at dispatch (C:\Users\zhengyan\Desktop\a\manager-server\node_modules\koa-router\node_modules\koa-compose\index.js:44:32)
    at C:\Users\zhengyan\Desktop\a\manager-server\node_modules\koa-router\node_modules\koa-compose\index.js:36:12
    at dispatch (C:\Users\zhengyan\Desktop\a\manager-server\node_modules\koa-router\lib\router.js:351:31)
    at dispatch (C:\Users\zhengyan\Desktop\a\manager-server\node_modules\koa-compose\index.js:42:32)
    at jwt (C:\Users\zhengyan\Desktop\a\manager-server\node_modules\koa-jwt\lib\index.js:73:16)
    at async C:\Users\zhengyan\Desktop\a\manager-server\app.js:44:3
    at async serve (C:\Users\zhengyan\Desktop\a\manager-server\node_modules\koa-static\index.js:53:9)
    at async bodyParser (C:\Users\zhengyan\Desktop\a\manager-server\node_modules\koa-bodyparser\index.js:78:5)
[2023-06-30T18:18:31.961] [ERROR] error - ReferenceError: date is not defined
    at C:\Users\zhengyan\Desktop\a\manager-server\routes\users.js:144:47
    at dispatch (C:\Users\zhengyan\Desktop\a\manager-server\node_modules\koa-router\node_modules\koa-compose\index.js:44:32)
    at next (C:\Users\zhengyan\Desktop\a\manager-server\node_modules\koa-router\node_modules\koa-compose\index.js:45:18)
    at C:\Users\zhengyan\Desktop\a\manager-server\node_modules\koa-router\lib\router.js:346:16
    at dispatch (C:\Users\zhengyan\Desktop\a\manager-server\node_modules\koa-router\node_modules\koa-compose\index.js:44:32)
    at C:\Users\zhengyan\Desktop\a\manager-server\node_modules\koa-router\node_modules\koa-compose\index.js:36:12
    at dispatch (C:\Users\zhengyan\Desktop\a\manager-server\node_modules\koa-router\lib\router.js:351:31)
    at dispatch (C:\Users\zhengyan\Desktop\a\manager-server\node_modules\koa-compose\index.js:42:32)
    at jwt (C:\Users\zhengyan\Desktop\a\manager-server\node_modules\koa-jwt\lib\index.js:73:16)
    at async C:\Users\zhengyan\Desktop\a\manager-server\app.js:44:3
    at async serve (C:\Users\zhengyan\Desktop\a\manager-server\node_modules\koa-static\index.js:53:9)
    at async bodyParser (C:\Users\zhengyan\Desktop\a\manager-server\node_modules\koa-bodyparser\index.js:78:5)
[2023-06-30T18:18:32.884] [ERROR] error - ReferenceError: date is not defined
    at C:\Users\zhengyan\Desktop\a\manager-server\routes\users.js:144:47
    at dispatch (C:\Users\zhengyan\Desktop\a\manager-server\node_modules\koa-router\node_modules\koa-compose\index.js:44:32)
    at next (C:\Users\zhengyan\Desktop\a\manager-server\node_modules\koa-router\node_modules\koa-compose\index.js:45:18)
    at C:\Users\zhengyan\Desktop\a\manager-server\node_modules\koa-router\lib\router.js:346:16
    at dispatch (C:\Users\zhengyan\Desktop\a\manager-server\node_modules\koa-router\node_modules\koa-compose\index.js:44:32)
    at C:\Users\zhengyan\Desktop\a\manager-server\node_modules\koa-router\node_modules\koa-compose\index.js:36:12
    at dispatch (C:\Users\zhengyan\Desktop\a\manager-server\node_modules\koa-router\lib\router.js:351:31)
    at dispatch (C:\Users\zhengyan\Desktop\a\manager-server\node_modules\koa-compose\index.js:42:32)
    at jwt (C:\Users\zhengyan\Desktop\a\manager-server\node_modules\koa-jwt\lib\index.js:73:16)
    at async C:\Users\zhengyan\Desktop\a\manager-server\app.js:44:3
    at async serve (C:\Users\zhengyan\Desktop\a\manager-server\node_modules\koa-static\index.js:53:9)
    at async bodyParser (C:\Users\zhengyan\Desktop\a\manager-server\node_modules\koa-bodyparser\index.js:78:5)
